AUM - (4 sem)/SummonersBattle2/app/build/intermediates/manifest_merge_blame_file/debug/manifest-merger-blame-debug-report.txt
1<?xml version="1.0" encoding="utf-8"?>
2<manifest xmlns:android="http://schemas.android.com/apk/res/android"
3    package="com.example.summonersbattle2"
4    android:versionCode="1"
5    android:versionName="1.0" >
6
7    <uses-sdk
8        android:minSdkVersion="26"
8-->src\main\AndroidManifest.xml
9        android:targetSdkVersion="32" />
9-->src\main\AndroidManifest.xml
10
11    <application
11-->src\main\AndroidManifest.xml:6:5-54:19
12        android:allowBackup="true"
12-->src\main\AndroidManifest.xml:7:9-35
13        android:appComponentFactory="androidx.core.app.CoreComponentFactory"
13-->[androidx.core:core:1.7.0] AndroidManifest.xml:24:18-86
14        android:dataExtractionRules="@xml/data_extraction_rules"
14-->src\main\AndroidManifest.xml:8:9-65
15        android:debuggable="true"
16        android:extractNativeLibs="false"
17        android:fullBackupContent="@xml/backup_rules"
17-->src\main\AndroidManifest.xml:9:9-54
18        android:icon="@mipmap/ic_launcher"
18-->src\main\AndroidManifest.xml:10:9-43
19        android:label="@string/app_name"
19-->src\main\AndroidManifest.xml:11:9-41
20        android:roundIcon="@mipmap/ic_launcher_round"
20-->src\main\AndroidManifest.xml:12:9-54
21        android:supportsRtl="true"
21-->src\main\AndroidManifest.xml:13:9-35
22        android:theme="@style/Theme.AppCompat.NoActionBar" >
22-->src\main\AndroidManifest.xml:14:9-59
23        <activity
23-->src\main\AndroidManifest.xml:16:9-19:53
24            android:name="com.example.summonersbattle2.Artefakty"
24-->src\main\AndroidManifest.xml:17:13-38
25            android:exported="false"
25-->src\main\AndroidManifest.xml:18:13-37
26            android:screenOrientation="landscape" />
26-->src\main\AndroidManifest.xml:19:13-50
27        <activity
27-->src\main\AndroidManifest.xml:20:9-23:53
28            android:name="com.example.summonersbattle2.Bohaterzy"
28-->src\main\AndroidManifest.xml:21:13-38
29            android:exported="false"
29-->src\main\AndroidManifest.xml:22:13-37
30            android:screenOrientation="landscape" />
30-->src\main\AndroidManifest.xml:23:13-50
31        <activity
31-->src\main\AndroidManifest.xml:24:9-27:53
32            android:name="com.example.summonersbattle2.Porazka"
32-->src\main\AndroidManifest.xml:25:13-36
33            android:exported="false"
33-->src\main\AndroidManifest.xml:26:13-37
34            android:screenOrientation="landscape" />
34-->src\main\AndroidManifest.xml:27:13-50
35        <activity
35-->src\main\AndroidManifest.xml:28:9-31:53
36            android:name="com.example.summonersbattle2.Nagroda"
36-->src\main\AndroidManifest.xml:29:13-36
37            android:exported="false"
37-->src\main\AndroidManifest.xml:30:13-37
38            android:screenOrientation="landscape" />
38-->src\main\AndroidManifest.xml:31:13-50
39        <activity
39-->src\main\AndroidManifest.xml:32:9-35:53
40            android:name="com.example.summonersbattle2.Walka"
40-->src\main\AndroidManifest.xml:33:13-34
41            android:exported="false"
41-->src\main\AndroidManifest.xml:34:13-37
42            android:screenOrientation="landscape" />
42-->src\main\AndroidManifest.xml:35:13-50
43        <activity
43-->src\main\AndroidManifest.xml:36:9-39:53
44            android:name="com.example.summonersbattle2.Wstep"
44-->src\main\AndroidManifest.xml:37:13-34
45            android:exported="false"
45-->src\main\AndroidManifest.xml:38:13-37
46            android:screenOrientation="landscape" />
46-->src\main\AndroidManifest.xml:39:13-50
47        <activity
47-->src\main\AndroidManifest.xml:40:9-43:53
48            android:name="com.example.summonersbattle2.OknoOpcje"
48-->src\main\AndroidManifest.xml:41:13-38
49            android:exported="false"
49-->src\main\AndroidManifest.xml:42:13-37
50            android:screenOrientation="landscape" />
50-->src\main\AndroidManifest.xml:43:13-50
51        <activity
51-->src\main\AndroidManifest.xml:44:9-53:20
52            android:name="com.example.summonersbattle2.MainActivity"
52-->src\main\AndroidManifest.xml:45:13-41
53            android:exported="true"
53-->src\main\AndroidManifest.xml:46:13-36
54            android:label="@string/app_name"
54-->src\main\AndroidManifest.xml:47:13-45
55            android:screenOrientation="landscape" >
55-->src\main\AndroidManifest.xml:48:13-50
56            <intent-filter>
56-->src\main\AndroidManifest.xml:49:13-52:29
57                <action android:name="android.intent.action.MAIN" />
57-->src\main\AndroidManifest.xml:50:17-69
57-->src\main\AndroidManifest.xml:50:25-66
58
59                <category android:name="android.intent.category.LAUNCHER" />
59-->src\main\AndroidManifest.xml:51:17-77
59-->src\main\AndroidManifest.xml:51:27-74
60            </intent-filter>
61        </activity>
62
63        <provider
63-->[androidx.emoji2:emoji2:1.0.0] AndroidManifest.xml:26:9-34:20
64            android:name="androidx.startup.InitializationProvider"
64-->[androidx.emoji2:emoji2:1.0.0] AndroidManifest.xml:27:13-67
65            android:authorities="com.example.summonersbattle2.androidx-startup"
65-->[androidx.emoji2:emoji2:1.0.0] AndroidManifest.xml:28:13-68
66            android:exported="false" >
66-->[androidx.emoji2:emoji2:1.0.0] AndroidManifest.xml:29:13-37
67            <meta-data
67-->[androidx.emoji2:emoji2:1.0.0] AndroidManifest.xml:31:13-33:52
68                android:name="androidx.emoji2.text.EmojiCompatInitializer"
68-->[androidx.emoji2:emoji2:1.0.0] AndroidManifest.xml:32:17-75
69                android:value="androidx.startup" />
69-->[androidx.emoji2:emoji2:1.0.0] AndroidManifest.xml:33:17-49
70            <meta-data
70-->[androidx.lifecycle:lifecycle-process:2.4.0] AndroidManifest.xml:31:13-33:52
71                android:name="androidx.lifecycle.ProcessLifecycleInitializer"
71-->[androidx.lifecycle:lifecycle-process:2.4.0] AndroidManifest.xml:32:17-78
72                android:value="androidx.startup" />
72-->[androidx.lifecycle:lifecycle-process:2.4.0] AndroidManifest.xml:33:17-49
73        </provider>
74    </application>
75
76</manifest>